<?xml version="1.0" encoding="UTF-8"?>
<testsuite xmlns:xsi="http://www.w3.org/2001/XMLSchema-instance" xsi:noNamespaceSchemaLocation="https://maven.apache.org/surefire/maven-surefire-plugin/xsd/surefire-test-report-3.0.xsd" version="3.0" name="jackcompiler.ParserTest" time="0.057" tests="17" errors="0" skipped="0" failures="0">
  <properties>
[...]
</properties>
  <testcase name="parseExpression_comparisonAndLogical" classname="jackcompiler.ParserTest" time="0.022"/>
  <testcase name="parseTerm_subroutineCall_withTwoArguments" classname="jackcompiler.ParserTest" time="0.0"/>
  <testcase name="parseTerm_subroutineCall" classname="jackcompiler.ParserTest" time="0.001"/>
  <testcase name="parseTerm_integerConstant" classname="jackcompiler.ParserTest" time="0.001"/>
  <testcase name="parseTerm_identifierOnly" classname="jackcompiler.ParserTest" time="0.001"/>
  <testcase name="parseExpression_twoTermsAndOp" classname="jackcompiler.ParserTest" time="0.001"/>
  <testcase name="parseTerm_arrayIndex" classname="jackcompiler.ParserTest" time="0.001"/>
  <testcase name="parseEmptyClass_emitsClassXml" classname="jackcompiler.ParserTest" time="0.001"/>
  <testcase name="parseTerm_simpleSubroutineCall_withoutDot" classname="jackcompiler.ParserTest" time="0.0"/>
  <testcase name="parseExpression_chainedOperators" classname="jackcompiler.ParserTest" time="0.0"/>
  <testcase name="parseTerm_stringConstant" classname="jackcompiler.ParserTest" time="0.001"/>
  <testcase name="parseTerm_keywordConstants_false_null_this" classname="jackcompiler.ParserTest" time="0.001"/>
  <testcase name="parseTerm_parenthesizedExpression" classname="jackcompiler.ParserTest" time="0.0"/>
  <testcase name="parseTerm_keywordConstant_true" classname="jackcompiler.ParserTest" time="0.001"/>
  <testcase name="parseTerm_unaryMinus" classname="jackcompiler.ParserTest" time="0.001"/>
  <testcase name="parseTerm_unaryTilde" classname="jackcompiler.ParserTest" time="0.0"/>
  <testcase name="parseExpression_parenthesesWithUnaryInside" classname="jackcompiler.ParserTest" time="0.0"/>
</testsuite>